# JRE version: OpenJDK Runtime Environment (8.0_202-b03) (build 1.8.0_202-release-1483-b03)
# Java VM: OpenJDK 64-Bit Server VM (25.202-b03 mixed mode windows-amd64 compressed oops)
Heap:
 PSYoungGen      total 160256K, used 41349K [0x00000000e0000000, 0x00000000ebb00000, 0x0000000100000000)
  eden space 142336K, 21% used [0x00000000e0000000,0x00000000e1e15a20,0x00000000e8b00000)
  from space 17920K, 58% used [0x00000000e8b00000,0x00000000e954bc50,0x00000000e9c80000)
  to   space 17920K, 0% used [0x00000000ea980000,0x00000000ea980000,0x00000000ebb00000)
 ParOldGen       total 81408K, used 47797K [0x00000000a0000000, 0x00000000a4f80000, 0x00000000e0000000)
  object space 81408K, 58% used [0x00000000a0000000,0x00000000a2ead660,0x00000000a4f80000)
 Metaspace       used 77590K, capacity 80566K, committed 80664K, reserved 1118208K
  class space    used 10605K, capacity 11218K, committed 11304K, reserved 1048576K
GC Heap History (10 events):
Event: 17.744 GC heap before
{Heap before GC invocations=18 (full 2):
 PSYoungGen      total 111616K, used 93839K [0x00000000e0000000, 0x00000000e9980000, 0x0000000100000000)
  eden space 101888K, 82% used [0x00000000e0000000,0x00000000e5228598,0x00000000e6380000)
  from space 9728K, 99% used [0x00000000e6380000,0x00000000e6cfb9d0,0x00000000e6d00000)
  to   space 13824K, 0% used [0x00000000e8c00000,0x00000000e8c00000,0x00000000e9980000)
 ParOldGen       total 52224K, used 27920K [0x00000000a0000000, 0x00000000a3300000, 0x00000000e0000000)
  object space 52224K, 53% used [0x00000000a0000000,0x00000000a1b44080,0x00000000a3300000)
 Metaspace       used 57543K, capacity 59060K, committed 59160K, reserved 1099776K
  class space    used 7802K, capacity 8193K, committed 8232K, reserved 1048576K
Event: 17.798 GC heap after
Heap after GC invocations=18 (full 2):
 PSYoungGen      total 143360K, used 8573K [0x00000000e0000000, 0x00000000e9d80000, 0x0000000100000000)
  eden space 129536K, 0% used [0x00000000e0000000,0x00000000e0000000,0x00000000e7e80000)
  from space 13824K, 62% used [0x00000000e8c00000,0x00000000e945f778,0x00000000e9980000)
  to   space 13824K, 0% used [0x00000000e7e80000,0x00000000e7e80000,0x00000000e8c00000)
 ParOldGen       total 52224K, used 32966K [0x00000000a0000000, 0x00000000a3300000, 0x00000000e0000000)
  object space 52224K, 63% used [0x00000000a0000000,0x00000000a2031900,0x00000000a3300000)
 Metaspace       used 57543K, capacity 59060K, committed 59160K, reserved 1099776K
  class space    used 7802K, capacity 8193K, committed 8232K, reserved 1048576K
}
Event: 17.798 GC heap before
{Heap before GC invocations=19 (full 3):
 PSYoungGen      total 143360K, used 8573K [0x00000000e0000000, 0x00000000e9d80000, 0x0000000100000000)
  eden space 129536K, 0% used [0x00000000e0000000,0x00000000e0000000,0x00000000e7e80000)
  from space 13824K, 62% used [0x00000000e8c00000,0x00000000e945f778,0x00000000e9980000)
  to   space 13824K, 0% used [0x00000000e7e80000,0x00000000e7e80000,0x00000000e8c00000)
 ParOldGen       total 52224K, used 32966K [0x00000000a0000000, 0x00000000a3300000, 0x00000000e0000000)
  object space 52224K, 63% used [0x00000000a0000000,0x00000000a2031900,0x00000000a3300000)
 Metaspace       used 57543K, capacity 59060K, committed 59160K, reserved 1099776K
  class space    used 7802K, capacity 8193K, committed 8232K, reserved 1048576K
Event: 18.285 GC heap after
Heap after GC invocations=19 (full 3):
 PSYoungGen      total 143360K, used 0K [0x00000000e0000000, 0x00000000e9d80000, 0x0000000100000000)
  eden space 129536K, 0% used [0x00000000e0000000,0x00000000e0000000,0x00000000e7e80000)
  from space 13824K, 0% used [0x00000000e8c00000,0x00000000e8c00000,0x00000000e9980000)
  to   space 13824K, 0% used [0x00000000e7e80000,0x00000000e7e80000,0x00000000e8c00000)
 ParOldGen       total 81408K, used 32336K [0x00000000a0000000, 0x00000000a4f80000, 0x00000000e0000000)
  object space 81408K, 39% used [0x00000000a0000000,0x00000000a1f94158,0x00000000a4f80000)
 Metaspace       used 57543K, capacity 59060K, committed 59160K, reserved 1099776K
  class space    used 7802K, capacity 8193K, committed 8232K, reserved 1048576K
}
Event: 22.535 GC heap before
{Heap before GC invocations=20 (full 3):
 PSYoungGen      total 143360K, used 129536K [0x00000000e0000000, 0x00000000e9d80000, 0x0000000100000000)
  eden space 129536K, 100% used [0x00000000e0000000,0x00000000e7e80000,0x00000000e7e80000)
  from space 13824K, 0% used [0x00000000e8c00000,0x00000000e8c00000,0x00000000e9980000)
  to   space 13824K, 0% used [0x00000000e7e80000,0x00000000e7e80000,0x00000000e8c00000)
 ParOldGen       total 81408K, used 32336K [0x00000000a0000000, 0x00000000a4f80000, 0x00000000e0000000)
  object space 81408K, 39% used [0x00000000a0000000,0x00000000a1f94158,0x00000000a4f80000)
 Metaspace       used 60370K, capacity 62278K, committed 62360K, reserved 1103872K
  class space    used 8199K, capacity 8612K, committed 8616K, reserved 1048576K
Event: 22.556 GC heap after
Heap after GC invocations=20 (full 3):
 PSYoungGen      total 143360K, used 11383K [0x00000000e0000000, 0x00000000eab00000, 0x0000000100000000)
  eden space 129536K, 0% used [0x00000000e0000000,0x00000000e0000000,0x00000000e7e80000)
  from space 13824K, 82% used [0x00000000e7e80000,0x00000000e899dd68,0x00000000e8c00000)
  to   space 14848K, 0% used [0x00000000e9c80000,0x00000000e9c80000,0x00000000eab00000)
 ParOldGen       total 81408K, used 32344K [0x00000000a0000000, 0x00000000a4f80000, 0x00000000e0000000)
  object space 81408K, 39% used [0x00000000a0000000,0x00000000a1f96158,0x00000000a4f80000)
 Metaspace       used 60370K, capacity 62278K, committed 62360K, reserved 1103872K
  class space    used 8199K, capacity 8612K, committed 8616K, reserved 1048576K
}
Event: 28.767 GC heap before
{Heap before GC invocations=21 (full 3):
 PSYoungGen      total 143360K, used 140919K [0x00000000e0000000, 0x00000000eab00000, 0x0000000100000000)
  eden space 129536K, 100% used [0x00000000e0000000,0x00000000e7e80000,0x00000000e7e80000)
  from space 13824K, 82% used [0x00000000e7e80000,0x00000000e899dd68,0x00000000e8c00000)
  to   space 14848K, 0% used [0x00000000e9c80000,0x00000000e9c80000,0x00000000eab00000)
 ParOldGen       total 81408K, used 32344K [0x00000000a0000000, 0x00000000a4f80000, 0x00000000e0000000)
  object space 81408K, 39% used [0x00000000a0000000,0x00000000a1f96158,0x00000000a4f80000)
 Metaspace       used 66447K, capacity 68364K, committed 68760K, reserved 1107968K
  class space    used 8837K, capacity 9269K, committed 9384K, reserved 1048576K
Event: 28.798 GC heap after
Heap after GC invocations=21 (full 3):
 PSYoungGen      total 157184K, used 14841K [0x00000000e0000000, 0x00000000eaf00000, 0x0000000100000000)
  eden space 142336K, 0% used [0x00000000e0000000,0x00000000e0000000,0x00000000e8b00000)
  from space 14848K, 99% used [0x00000000e9c80000,0x00000000eaafe778,0x00000000eab00000)
  to   space 17920K, 0% used [0x00000000e8b00000,0x00000000e8b00000,0x00000000e9c80000)
 ParOldGen       total 81408K, used 34945K [0x00000000a0000000, 0x00000000a4f80000, 0x00000000e0000000)
  object space 81408K, 42% used [0x00000000a0000000,0x00000000a22205e0,0x00000000a4f80000)
 Metaspace       used 66447K, capacity 68364K, committed 68760K, reserved 1107968K
  class space    used 8837K, capacity 9269K, committed 9384K, reserved 1048576K
}
Event: 36.693 GC heap before
{Heap before GC invocations=22 (full 3):
 PSYoungGen      total 157184K, used 157177K [0x00000000e0000000, 0x00000000eaf00000, 0x0000000100000000)
  eden space 142336K, 100% used [0x00000000e0000000,0x00000000e8b00000,0x00000000e8b00000)
  from space 14848K, 99% used [0x00000000e9c80000,0x00000000eaafe778,0x00000000eab00000)
  to   space 17920K, 0% used [0x00000000e8b00000,0x00000000e8b00000,0x00000000e9c80000)
 ParOldGen       total 81408K, used 34945K [0x00000000a0000000, 0x00000000a4f80000, 0x00000000e0000000)
  object space 81408K, 42% used [0x00000000a0000000,0x00000000a22205e0,0x00000000a4f80000)
 Metaspace       used 76421K, capacity 79416K, committed 79768K, reserved 1118208K
  class space    used 10402K, capacity 11053K, committed 11176K, reserved 1048576K
Event: 36.733 GC heap after
Heap after GC invocations=22 (full 3):
 PSYoungGen      total 160256K, used 10543K [0x00000000e0000000, 0x00000000ebb00000, 0x0000000100000000)
  eden space 142336K, 0% used [0x00000000e0000000,0x00000000e0000000,0x00000000e8b00000)
  from space 17920K, 58% used [0x00000000e8b00000,0x00000000e954bc50,0x00000000e9c80000)
  to   space 17920K, 0% used [0x00000000ea980000,0x00000000ea980000,0x00000000ebb00000)
 ParOldGen       total 81408K, used 47797K [0x00000000a0000000, 0x00000000a4f80000, 0x00000000e0000000)
  object space 81408K, 58% used [0x00000000a0000000,0x00000000a2ead660,0x00000000a4f80000)
 Metaspace       used 76421K, capacity 79416K, committed 79768K, reserved 1118208K
  class space    used 10402K, capacity 11053K, committed 11176K, reserved 1048576K
}

